Building DAG of jobs...
Using shell: /usr/bin/bash
Provided cores: 4
Rules claiming more threads will be scaled down.
Job stats:
job                 count
----------------  -------
align_qc_qc             4
align_qc_sample         4
all                     1
downselect_peaks        4
factorize_qc            4
factorize_sample        4
mzml2hdf                8
peakpick_qc             4
peakpick_sample         4
save_to_csv             4
smooth_qc               4
smooth_sample           4
threshold_qc            4
threshold_sample        4
total                  57

Select jobs to execute...

[Thu Mar 14 17:29:20 2024]
rule mzml2hdf:
    input: input/samples/2022_05_10_NR51588_02.mzML
    output: output/samples/parsed/2022_05_10_NR51588_02.h5
    jobid: 54
    reason: Missing output files: output/samples/parsed/2022_05_10_NR51588_02.h5
    wildcards: sample_type=samples, id=2022_05_10_NR51588_02
    resources: tmpdir=/tmp

[Thu Mar 14 17:29:22 2024]
rule mzml2hdf:
    input: input/qc/2022_05_10_QC_06.mzML
    output: output/qc/parsed/2022_05_10_QC_06.h5
    jobid: 20
    reason: Missing output files: output/qc/parsed/2022_05_10_QC_06.h5
    wildcards: sample_type=qc, id=2022_05_10_QC_06
    resources: tmpdir=/tmp

[Thu Mar 14 17:29:22 2024]
rule mzml2hdf:
    input: input/qc/2022_05_10_QC_05.mzML
    output: output/qc/parsed/2022_05_10_QC_05.h5
    jobid: 15
    reason: Missing output files: output/qc/parsed/2022_05_10_QC_05.h5
    wildcards: sample_type=qc, id=2022_05_10_QC_05
    resources: tmpdir=/tmp

[Thu Mar 14 17:29:23 2024]
rule mzml2hdf:
    input: input/qc/2022_05_10_QC_04.mzML
    output: output/qc/parsed/2022_05_10_QC_04.h5
    jobid: 10
    reason: Missing output files: output/qc/parsed/2022_05_10_QC_04.h5
    wildcards: sample_type=qc, id=2022_05_10_QC_04
    resources: tmpdir=/tmp

[Thu Mar 14 17:40:25 2024]
Finished job 20.
1 of 57 steps (2%) done
Select jobs to execute...

[Thu Mar 14 17:40:28 2024]
rule mzml2hdf:
    input: input/samples/2022_05_10_NR50510_02.mzML
    output: output/samples/parsed/2022_05_10_NR50510_02.h5
    jobid: 38
    reason: Missing output files: output/samples/parsed/2022_05_10_NR50510_02.h5
    wildcards: sample_type=samples, id=2022_05_10_NR50510_02
    resources: tmpdir=/tmp

[Thu Mar 14 17:40:28 2024]
Finished job 10.
2 of 57 steps (4%) done
Select jobs to execute...

[Thu Mar 14 17:40:28 2024]
rule threshold_qc:
    input: output/qc/parsed/2022_05_10_QC_06.h5
    output: output/qc/thresholded/2022_05_10_QC_06.h5
    jobid: 22
    reason: Missing output files: output/qc/thresholded/2022_05_10_QC_06.h5; Input files updated by another job: output/qc/parsed/2022_05_10_QC_06.h5
    wildcards: sample_type=qc, id=2022_05_10_QC_06
    resources: tmpdir=/tmp

[Thu Mar 14 17:42:51 2024]
Finished job 15.
3 of 57 steps (5%) done
Select jobs to execute...

[Thu Mar 14 17:42:51 2024]
rule mzml2hdf:
    input: input/samples/2022_05_10_NR46543_02.mzML
    output: output/samples/parsed/2022_05_10_NR46543_02.h5
    jobid: 6
    reason: Missing output files: output/samples/parsed/2022_05_10_NR46543_02.h5
    wildcards: sample_type=samples, id=2022_05_10_NR46543_02
    resources: tmpdir=/tmp

[Thu Mar 14 17:42:52 2024]
Finished job 54.
4 of 57 steps (7%) done
Select jobs to execute...

[Thu Mar 14 17:42:53 2024]
rule mzml2hdf:
    input: input/samples/2022_05_10_NR51517_02.mzML
    output: output/samples/parsed/2022_05_10_NR51517_02.h5
    jobid: 46
    reason: Missing output files: output/samples/parsed/2022_05_10_NR51517_02.h5
    wildcards: sample_type=samples, id=2022_05_10_NR51517_02
    resources: tmpdir=/tmp

[Thu Mar 14 17:45:41 2024]
Finished job 22.
5 of 57 steps (9%) done
Select jobs to execute...

[Thu Mar 14 17:45:41 2024]
rule factorize_qc:
    input: output/qc/parsed/2022_05_10_QC_05.h5
    output: output/qc/factors/2022_05_10_QC_05.npy
    jobid: 14
    reason: Missing output files: output/qc/factors/2022_05_10_QC_05.npy; Input files updated by another job: output/qc/parsed/2022_05_10_QC_05.h5
    wildcards: sample_type=qc, id=2022_05_10_QC_05
    resources: tmpdir=/tmp

[Thu Mar 14 17:49:49 2024]
Finished job 14.
6 of 57 steps (11%) done
Select jobs to execute...

[Thu Mar 14 17:49:52 2024]
rule mzml2hdf:
    input: input/qc/2022_05_10_QC_07.mzML
    output: output/qc/parsed/2022_05_10_QC_07.h5
    jobid: 25
    reason: Missing output files: output/qc/parsed/2022_05_10_QC_07.h5
    wildcards: sample_type=qc, id=2022_05_10_QC_07
    resources: tmpdir=/tmp

[Thu Mar 14 17:51:28 2024]
Finished job 6.
7 of 57 steps (12%) done
Select jobs to execute...

[Thu Mar 14 17:51:28 2024]
rule factorize_qc:
    input: output/qc/parsed/2022_05_10_QC_04.h5
    output: output/qc/factors/2022_05_10_QC_04.npy
    jobid: 9
    reason: Missing output files: output/qc/factors/2022_05_10_QC_04.npy; Input files updated by another job: output/qc/parsed/2022_05_10_QC_04.h5
    wildcards: sample_type=qc, id=2022_05_10_QC_04
    resources: tmpdir=/tmp

[Thu Mar 14 17:53:27 2024]
Finished job 9.
8 of 57 steps (14%) done
Select jobs to execute...

[Thu Mar 14 17:53:27 2024]
rule factorize_qc:
    input: output/qc/parsed/2022_05_10_QC_06.h5
    output: output/qc/factors/2022_05_10_QC_06.npy
    jobid: 19
    reason: Missing output files: output/qc/factors/2022_05_10_QC_06.npy; Input files updated by another job: output/qc/parsed/2022_05_10_QC_06.h5
    wildcards: sample_type=qc, id=2022_05_10_QC_06
    resources: tmpdir=/tmp

[Thu Mar 14 17:54:59 2024]
Finished job 38.
9 of 57 steps (16%) done
Select jobs to execute...

[Thu Mar 14 17:54:59 2024]
rule threshold_qc:
    input: output/qc/parsed/2022_05_10_QC_05.h5
    output: output/qc/thresholded/2022_05_10_QC_05.h5
    jobid: 17
    reason: Missing output files: output/qc/thresholded/2022_05_10_QC_05.h5; Input files updated by another job: output/qc/parsed/2022_05_10_QC_05.h5
    wildcards: sample_type=qc, id=2022_05_10_QC_05
    resources: tmpdir=/tmp

[Thu Mar 14 17:55:00 2024]
Finished job 46.
10 of 57 steps (18%) done
Select jobs to execute...

[Thu Mar 14 17:55:00 2024]
rule threshold_qc:
    input: output/qc/parsed/2022_05_10_QC_04.h5
    output: output/qc/thresholded/2022_05_10_QC_04.h5
    jobid: 12
    reason: Missing output files: output/qc/thresholded/2022_05_10_QC_04.h5; Input files updated by another job: output/qc/parsed/2022_05_10_QC_04.h5
    wildcards: sample_type=qc, id=2022_05_10_QC_04
    resources: tmpdir=/tmp

[Thu Mar 14 17:57:24 2024]
Finished job 25.
11 of 57 steps (19%) done
Select jobs to execute...

[Thu Mar 14 17:57:24 2024]
rule threshold_qc:
    input: output/qc/parsed/2022_05_10_QC_07.h5
    output: output/qc/thresholded/2022_05_10_QC_07.h5
    jobid: 27
    reason: Missing output files: output/qc/thresholded/2022_05_10_QC_07.h5; Input files updated by another job: output/qc/parsed/2022_05_10_QC_07.h5
    wildcards: sample_type=qc, id=2022_05_10_QC_07
    resources: tmpdir=/tmp

[Thu Mar 14 17:57:24 2024]
Finished job 19.
12 of 57 steps (21%) done
Select jobs to execute...

[Thu Mar 14 17:57:24 2024]
rule smooth_qc:
    input: output/qc/factors/2022_05_10_QC_06.npy, output/qc/thresholded/2022_05_10_QC_06.h5
    output: output/qc/smoothed/2022_05_10_QC_06.h5
    jobid: 21
    reason: Missing output files: output/qc/smoothed/2022_05_10_QC_06.h5; Input files updated by another job: output/qc/factors/2022_05_10_QC_06.npy, output/qc/thresholded/2022_05_10_QC_06.h5
    wildcards: sample_type=qc, id=2022_05_10_QC_06
    resources: tmpdir=/tmp

[Thu Mar 14 18:00:07 2024]
Finished job 12.
13 of 57 steps (23%) done
Select jobs to execute...

[Thu Mar 14 18:00:07 2024]
rule smooth_qc:
    input: output/qc/factors/2022_05_10_QC_04.npy, output/qc/thresholded/2022_05_10_QC_04.h5
    output: output/qc/smoothed/2022_05_10_QC_04.h5
    jobid: 11
    reason: Missing output files: output/qc/smoothed/2022_05_10_QC_04.h5; Input files updated by another job: output/qc/thresholded/2022_05_10_QC_04.h5, output/qc/factors/2022_05_10_QC_04.npy
    wildcards: sample_type=qc, id=2022_05_10_QC_04
    resources: tmpdir=/tmp

[Thu Mar 14 18:03:17 2024]
Finished job 17.
14 of 57 steps (25%) done
Select jobs to execute...

[Thu Mar 14 18:03:17 2024]
rule factorize_qc:
    input: output/qc/parsed/2022_05_10_QC_07.h5
    output: output/qc/factors/2022_05_10_QC_07.npy
    jobid: 24
    reason: Missing output files: output/qc/factors/2022_05_10_QC_07.npy; Input files updated by another job: output/qc/parsed/2022_05_10_QC_07.h5
    wildcards: sample_type=qc, id=2022_05_10_QC_07
    resources: tmpdir=/tmp

[Thu Mar 14 18:03:19 2024]
Finished job 27.
15 of 57 steps (26%) done
Select jobs to execute...

[Thu Mar 14 18:03:19 2024]
rule smooth_qc:
    input: output/qc/factors/2022_05_10_QC_05.npy, output/qc/thresholded/2022_05_10_QC_05.h5
    output: output/qc/smoothed/2022_05_10_QC_05.h5
    jobid: 16
    reason: Missing output files: output/qc/smoothed/2022_05_10_QC_05.h5; Input files updated by another job: output/qc/thresholded/2022_05_10_QC_05.h5, output/qc/factors/2022_05_10_QC_05.npy
    wildcards: sample_type=qc, id=2022_05_10_QC_05
    resources: tmpdir=/tmp

[Thu Mar 14 18:03:20 2024]
Finished job 21.
16 of 57 steps (28%) done
Select jobs to execute...

[Thu Mar 14 18:03:20 2024]
rule peakpick_qc:
    input: output/qc/factors/2022_05_10_QC_06.npy, output/qc/smoothed/2022_05_10_QC_06.h5
    output: output/qc/peakpicked/2022_05_10_QC_06.h5
    jobid: 18
    reason: Missing output files: output/qc/peakpicked/2022_05_10_QC_06.h5; Input files updated by another job: output/qc/smoothed/2022_05_10_QC_06.h5, output/qc/factors/2022_05_10_QC_06.npy
    wildcards: sample_type=qc, id=2022_05_10_QC_06
    resources: tmpdir=/tmp

[Thu Mar 14 18:03:21 2024]
Finished job 11.
17 of 57 steps (30%) done
Select jobs to execute...

[Thu Mar 14 18:03:21 2024]
rule peakpick_qc:
    input: output/qc/factors/2022_05_10_QC_04.npy, output/qc/smoothed/2022_05_10_QC_04.h5
    output: output/qc/peakpicked/2022_05_10_QC_04.h5
    jobid: 8
    reason: Missing output files: output/qc/peakpicked/2022_05_10_QC_04.h5; Input files updated by another job: output/qc/smoothed/2022_05_10_QC_04.h5, output/qc/factors/2022_05_10_QC_04.npy
    wildcards: sample_type=qc, id=2022_05_10_QC_04
    resources: tmpdir=/tmp

[Thu Mar 14 18:05:09 2024]
Finished job 18.
18 of 57 steps (32%) done
[Thu Mar 14 18:05:10 2024]
Finished job 8.
19 of 57 steps (33%) done
[Thu Mar 14 18:05:12 2024]
Finished job 24.
20 of 57 steps (35%) done
Select jobs to execute...

[Thu Mar 14 18:05:13 2024]
rule smooth_qc:
    input: output/qc/factors/2022_05_10_QC_07.npy, output/qc/thresholded/2022_05_10_QC_07.h5
    output: output/qc/smoothed/2022_05_10_QC_07.h5
    jobid: 26
    reason: Missing output files: output/qc/smoothed/2022_05_10_QC_07.h5; Input files updated by another job: output/qc/thresholded/2022_05_10_QC_07.h5, output/qc/factors/2022_05_10_QC_07.npy
    wildcards: sample_type=qc, id=2022_05_10_QC_07
    resources: tmpdir=/tmp

[Thu Mar 14 18:05:14 2024]
Finished job 16.
21 of 57 steps (37%) done
Select jobs to execute...

[Thu Mar 14 18:05:14 2024]
rule peakpick_qc:
    input: output/qc/factors/2022_05_10_QC_05.npy, output/qc/smoothed/2022_05_10_QC_05.h5
    output: output/qc/peakpicked/2022_05_10_QC_05.h5
    jobid: 13
    reason: Missing output files: output/qc/peakpicked/2022_05_10_QC_05.h5; Input files updated by another job: output/qc/smoothed/2022_05_10_QC_05.h5, output/qc/factors/2022_05_10_QC_05.npy
    wildcards: sample_type=qc, id=2022_05_10_QC_05
    resources: tmpdir=/tmp

[Thu Mar 14 18:08:02 2024]
Finished job 13.
22 of 57 steps (39%) done
[Thu Mar 14 18:08:02 2024]
Finished job 26.
23 of 57 steps (40%) done
Select jobs to execute...

[Thu Mar 14 18:08:02 2024]
rule peakpick_qc:
    input: output/qc/factors/2022_05_10_QC_07.npy, output/qc/smoothed/2022_05_10_QC_07.h5
    output: output/qc/peakpicked/2022_05_10_QC_07.h5
    jobid: 23
    reason: Missing output files: output/qc/peakpicked/2022_05_10_QC_07.h5; Input files updated by another job: output/qc/smoothed/2022_05_10_QC_07.h5, output/qc/factors/2022_05_10_QC_07.npy
    wildcards: sample_type=qc, id=2022_05_10_QC_07
    resources: tmpdir=/tmp

[Thu Mar 14 18:10:50 2024]
Finished job 23.
24 of 57 steps (42%) done
Select jobs to execute...

[Thu Mar 14 18:10:50 2024]
rule align_qc_qc:
    input: output/qc/peakpicked/2022_05_10_QC_04.h5, output/qc/peakpicked/2022_05_10_QC_04.h5, output/qc/peakpicked/2022_05_10_QC_05.h5, output/qc/peakpicked/2022_05_10_QC_06.h5, output/qc/peakpicked/2022_05_10_QC_07.h5
    output: output/qc/qc_transform/2022_05_10_QC_04.npy, output/qc/qc_transform/plots/2022_05_10_QC_04.png
    jobid: 7
    reason: Missing output files: output/qc/qc_transform/2022_05_10_QC_04.npy; Input files updated by another job: output/qc/peakpicked/2022_05_10_QC_05.h5, output/qc/peakpicked/2022_05_10_QC_06.h5, output/qc/peakpicked/2022_05_10_QC_04.h5, output/qc/peakpicked/2022_05_10_QC_07.h5
    wildcards: sample_type=qc, id=2022_05_10_QC_04
    resources: tmpdir=/tmp

[Thu Mar 14 18:10:50 2024]
rule align_qc_qc:
    input: output/qc/peakpicked/2022_05_10_QC_05.h5, output/qc/peakpicked/2022_05_10_QC_04.h5, output/qc/peakpicked/2022_05_10_QC_05.h5, output/qc/peakpicked/2022_05_10_QC_06.h5, output/qc/peakpicked/2022_05_10_QC_07.h5
    output: output/qc/qc_transform/2022_05_10_QC_05.npy, output/qc/qc_transform/plots/2022_05_10_QC_05.png
    jobid: 28
    reason: Missing output files: output/qc/qc_transform/2022_05_10_QC_05.npy; Input files updated by another job: output/qc/peakpicked/2022_05_10_QC_05.h5, output/qc/peakpicked/2022_05_10_QC_06.h5, output/qc/peakpicked/2022_05_10_QC_04.h5, output/qc/peakpicked/2022_05_10_QC_07.h5
    wildcards: sample_type=qc, id=2022_05_10_QC_05
    resources: tmpdir=/tmp

[Thu Mar 14 18:10:50 2024]
rule align_qc_qc:
    input: output/qc/peakpicked/2022_05_10_QC_06.h5, output/qc/peakpicked/2022_05_10_QC_04.h5, output/qc/peakpicked/2022_05_10_QC_05.h5, output/qc/peakpicked/2022_05_10_QC_06.h5, output/qc/peakpicked/2022_05_10_QC_07.h5
    output: output/qc/qc_transform/2022_05_10_QC_06.npy, output/qc/qc_transform/plots/2022_05_10_QC_06.png
    jobid: 29
    reason: Missing output files: output/qc/qc_transform/2022_05_10_QC_06.npy; Input files updated by another job: output/qc/peakpicked/2022_05_10_QC_05.h5, output/qc/peakpicked/2022_05_10_QC_06.h5, output/qc/peakpicked/2022_05_10_QC_04.h5, output/qc/peakpicked/2022_05_10_QC_07.h5
    wildcards: sample_type=qc, id=2022_05_10_QC_06
    resources: tmpdir=/tmp

[Thu Mar 14 18:10:51 2024]
rule align_qc_qc:
    input: output/qc/peakpicked/2022_05_10_QC_07.h5, output/qc/peakpicked/2022_05_10_QC_04.h5, output/qc/peakpicked/2022_05_10_QC_05.h5, output/qc/peakpicked/2022_05_10_QC_06.h5, output/qc/peakpicked/2022_05_10_QC_07.h5
    output: output/qc/qc_transform/2022_05_10_QC_07.npy, output/qc/qc_transform/plots/2022_05_10_QC_07.png
    jobid: 30
    reason: Missing output files: output/qc/qc_transform/2022_05_10_QC_07.npy; Input files updated by another job: output/qc/peakpicked/2022_05_10_QC_05.h5, output/qc/peakpicked/2022_05_10_QC_06.h5, output/qc/peakpicked/2022_05_10_QC_04.h5, output/qc/peakpicked/2022_05_10_QC_07.h5
    wildcards: sample_type=qc, id=2022_05_10_QC_07
    resources: tmpdir=/tmp

[Thu Mar 14 18:12:49 2024]
Finished job 29.
25 of 57 steps (44%) done
[Thu Mar 14 18:12:49 2024]
Finished job 7.
26 of 57 steps (46%) done
[Thu Mar 14 18:12:49 2024]
Finished job 28.
27 of 57 steps (47%) done
[Thu Mar 14 18:12:50 2024]
Finished job 30.
28 of 57 steps (49%) done
Select jobs to execute...

[Thu Mar 14 18:12:50 2024]
rule align_qc_sample:
    input: output/samples/parsed/2022_05_10_NR51517_02.h5, output/qc/qc_transform/2022_05_10_QC_04.npy, output/qc/qc_transform/2022_05_10_QC_05.npy, output/qc/qc_transform/2022_05_10_QC_06.npy, output/qc/qc_transform/2022_05_10_QC_07.npy
    output: output/samples/qc_aligned/2022_05_10_NR51517_02.h5
    jobid: 45
    reason: Missing output files: output/samples/qc_aligned/2022_05_10_NR51517_02.h5; Input files updated by another job: output/qc/qc_transform/2022_05_10_QC_06.npy, output/qc/qc_transform/2022_05_10_QC_04.npy, output/samples/parsed/2022_05_10_NR51517_02.h5, output/qc/qc_transform/2022_05_10_QC_05.npy, output/qc/qc_transform/2022_05_10_QC_07.npy
    wildcards: sample_type=samples, id=2022_05_10_NR51517_02
    resources: tmpdir=/tmp

[Thu Mar 14 18:12:50 2024]
rule align_qc_sample:
    input: output/samples/parsed/2022_05_10_NR46543_02.h5, output/qc/qc_transform/2022_05_10_QC_04.npy, output/qc/qc_transform/2022_05_10_QC_05.npy, output/qc/qc_transform/2022_05_10_QC_06.npy, output/qc/qc_transform/2022_05_10_QC_07.npy
    output: output/samples/qc_aligned/2022_05_10_NR46543_02.h5
    jobid: 5
    reason: Missing output files: output/samples/qc_aligned/2022_05_10_NR46543_02.h5; Input files updated by another job: output/qc/qc_transform/2022_05_10_QC_06.npy, output/samples/parsed/2022_05_10_NR46543_02.h5, output/qc/qc_transform/2022_05_10_QC_04.npy, output/qc/qc_transform/2022_05_10_QC_05.npy, output/qc/qc_transform/2022_05_10_QC_07.npy
    wildcards: sample_type=samples, id=2022_05_10_NR46543_02
    resources: tmpdir=/tmp

[Thu Mar 14 18:12:50 2024]
rule align_qc_sample:
    input: output/samples/parsed/2022_05_10_NR50510_02.h5, output/qc/qc_transform/2022_05_10_QC_04.npy, output/qc/qc_transform/2022_05_10_QC_05.npy, output/qc/qc_transform/2022_05_10_QC_06.npy, output/qc/qc_transform/2022_05_10_QC_07.npy
    output: output/samples/qc_aligned/2022_05_10_NR50510_02.h5
    jobid: 37
    reason: Missing output files: output/samples/qc_aligned/2022_05_10_NR50510_02.h5; Input files updated by another job: output/qc/qc_transform/2022_05_10_QC_06.npy, output/qc/qc_transform/2022_05_10_QC_04.npy, output/qc/qc_transform/2022_05_10_QC_05.npy, output/qc/qc_transform/2022_05_10_QC_07.npy, output/samples/parsed/2022_05_10_NR50510_02.h5
    wildcards: sample_type=samples, id=2022_05_10_NR50510_02
    resources: tmpdir=/tmp

[Thu Mar 14 18:12:50 2024]
rule align_qc_sample:
    input: output/samples/parsed/2022_05_10_NR51588_02.h5, output/qc/qc_transform/2022_05_10_QC_04.npy, output/qc/qc_transform/2022_05_10_QC_05.npy, output/qc/qc_transform/2022_05_10_QC_06.npy, output/qc/qc_transform/2022_05_10_QC_07.npy
    output: output/samples/qc_aligned/2022_05_10_NR51588_02.h5
    jobid: 53
    reason: Missing output files: output/samples/qc_aligned/2022_05_10_NR51588_02.h5; Input files updated by another job: output/qc/qc_transform/2022_05_10_QC_06.npy, output/qc/qc_transform/2022_05_10_QC_04.npy, output/qc/qc_transform/2022_05_10_QC_05.npy, output/qc/qc_transform/2022_05_10_QC_07.npy, output/samples/parsed/2022_05_10_NR51588_02.h5
    wildcards: sample_type=samples, id=2022_05_10_NR51588_02
    resources: tmpdir=/tmp

Terminating processes on user request, this might take some time.
Cancelling snakemake on user request.
