Building DAG of jobs...
Using shell: /usr/bin/bash
Provided cores: 2
Rules claiming more threads will be scaled down.
Job stats:
job                 count
----------------  -------
align_qc_qc             4
align_qc_sample         4
all                     1
downselect_peaks        4
factorize_qc            4
factorize_sample        4
mzml2hdf                8
peakpick_qc             4
peakpick_sample         4
save_to_csv             4
smooth_qc               4
smooth_sample           4
threshold_qc            4
threshold_sample        4
total                  57

Select jobs to execute...

[Tue Mar 19 16:54:26 2024]
rule mzml2hdf:
    input: input/samples/2022_05_10_NR51588_02.mzML
    output: output/samples/parsed/2022_05_10_NR51588_02.h5
    jobid: 54
    reason: Missing output files: output/samples/parsed/2022_05_10_NR51588_02.h5
    wildcards: sample_type=samples, id=2022_05_10_NR51588_02
    resources: tmpdir=/tmp

[Tue Mar 19 16:55:37 2024]
rule mzml2hdf:
    input: input/qc/2022_05_10_QC_04.mzML
    output: output/qc/parsed/2022_05_10_QC_04.h5
    jobid: 10
    reason: Missing output files: output/qc/parsed/2022_05_10_QC_04.h5
    wildcards: sample_type=qc, id=2022_05_10_QC_04
    resources: tmpdir=/tmp

[Tue Mar 19 17:01:44 2024]
Finished job 54.
1 of 57 steps (2%) done
Select jobs to execute...

[Tue Mar 19 17:01:44 2024]
rule mzml2hdf:
    input: input/samples/2022_05_10_NR50510_02.mzML
    output: output/samples/parsed/2022_05_10_NR50510_02.h5
    jobid: 38
    reason: Missing output files: output/samples/parsed/2022_05_10_NR50510_02.h5
    wildcards: sample_type=samples, id=2022_05_10_NR50510_02
    resources: tmpdir=/tmp

[Tue Mar 19 17:01:45 2024]
Finished job 10.
2 of 57 steps (4%) done
Select jobs to execute...

[Tue Mar 19 17:01:45 2024]
rule mzml2hdf:
    input: input/qc/2022_05_10_QC_06.mzML
    output: output/qc/parsed/2022_05_10_QC_06.h5
    jobid: 20
    reason: Missing output files: output/qc/parsed/2022_05_10_QC_06.h5
    wildcards: sample_type=qc, id=2022_05_10_QC_06
    resources: tmpdir=/tmp

[Tue Mar 19 17:07:09 2024]
Finished job 38.
3 of 57 steps (5%) done
Select jobs to execute...

[Tue Mar 19 17:07:09 2024]
rule mzml2hdf:
    input: input/samples/2022_05_10_NR46543_02.mzML
    output: output/samples/parsed/2022_05_10_NR46543_02.h5
    jobid: 6
    reason: Missing output files: output/samples/parsed/2022_05_10_NR46543_02.h5
    wildcards: sample_type=samples, id=2022_05_10_NR46543_02
    resources: tmpdir=/tmp

[Tue Mar 19 17:07:10 2024]
Finished job 20.
4 of 57 steps (7%) done
Select jobs to execute...

[Tue Mar 19 17:07:10 2024]
rule threshold_qc:
    input: output/qc/parsed/2022_05_10_QC_06.h5
    output: output/qc/thresholded/2022_05_10_QC_06.h5
    jobid: 22
    reason: Missing output files: output/qc/thresholded/2022_05_10_QC_06.h5; Input files updated by another job: output/qc/parsed/2022_05_10_QC_06.h5
    wildcards: sample_type=qc, id=2022_05_10_QC_06
    resources: tmpdir=/tmp

[Tue Mar 19 17:08:47 2024]
Finished job 22.
5 of 57 steps (9%) done
Select jobs to execute...

[Tue Mar 19 17:08:47 2024]
rule mzml2hdf:
    input: input/samples/2022_05_10_NR51517_02.mzML
    output: output/samples/parsed/2022_05_10_NR51517_02.h5
    jobid: 46
    reason: Missing output files: output/samples/parsed/2022_05_10_NR51517_02.h5
    wildcards: sample_type=samples, id=2022_05_10_NR51517_02
    resources: tmpdir=/tmp

[Tue Mar 19 17:11:50 2024]
Finished job 6.
6 of 57 steps (11%) done
Select jobs to execute...

[Tue Mar 19 17:11:50 2024]
rule mzml2hdf:
    input: input/qc/2022_05_10_QC_07.mzML
    output: output/qc/parsed/2022_05_10_QC_07.h5
    jobid: 25
    reason: Missing output files: output/qc/parsed/2022_05_10_QC_07.h5
    wildcards: sample_type=qc, id=2022_05_10_QC_07
    resources: tmpdir=/tmp

[Tue Mar 19 17:12:48 2024]
Finished job 46.
7 of 57 steps (12%) done
Select jobs to execute...

[Tue Mar 19 17:12:48 2024]
rule mzml2hdf:
    input: input/qc/2022_05_10_QC_05.mzML
    output: output/qc/parsed/2022_05_10_QC_05.h5
    jobid: 15
    reason: Missing output files: output/qc/parsed/2022_05_10_QC_05.h5
    wildcards: sample_type=qc, id=2022_05_10_QC_05
    resources: tmpdir=/tmp

[Tue Mar 19 17:16:24 2024]
Finished job 15.
8 of 57 steps (14%) done
Select jobs to execute...

[Tue Mar 19 17:16:24 2024]
rule factorize_qc:
    input: output/qc/parsed/2022_05_10_QC_05.h5
    output: output/qc/factors/2022_05_10_QC_05.npy
    jobid: 14
    reason: Missing output files: output/qc/factors/2022_05_10_QC_05.npy; Input files updated by another job: output/qc/parsed/2022_05_10_QC_05.h5
    wildcards: sample_type=qc, id=2022_05_10_QC_05
    resources: tmpdir=/tmp

[Tue Mar 19 17:17:38 2024]
Finished job 25.
9 of 57 steps (16%) done
Select jobs to execute...

[Tue Mar 19 17:17:38 2024]
rule factorize_qc:
    input: output/qc/parsed/2022_05_10_QC_07.h5
    output: output/qc/factors/2022_05_10_QC_07.npy
    jobid: 24
    reason: Missing output files: output/qc/factors/2022_05_10_QC_07.npy; Input files updated by another job: output/qc/parsed/2022_05_10_QC_07.h5
    wildcards: sample_type=qc, id=2022_05_10_QC_07
    resources: tmpdir=/tmp

[Tue Mar 19 17:17:38 2024]
Finished job 14.
10 of 57 steps (18%) done
Select jobs to execute...

[Tue Mar 19 17:17:38 2024]
rule factorize_qc:
    input: output/qc/parsed/2022_05_10_QC_04.h5
    output: output/qc/factors/2022_05_10_QC_04.npy
    jobid: 9
    reason: Missing output files: output/qc/factors/2022_05_10_QC_04.npy; Input files updated by another job: output/qc/parsed/2022_05_10_QC_04.h5
    wildcards: sample_type=qc, id=2022_05_10_QC_04
    resources: tmpdir=/tmp

[Tue Mar 19 17:19:47 2024]
Finished job 9.
11 of 57 steps (19%) done
Select jobs to execute...

[Tue Mar 19 17:19:47 2024]
rule threshold_qc:
    input: output/qc/parsed/2022_05_10_QC_07.h5
    output: output/qc/thresholded/2022_05_10_QC_07.h5
    jobid: 27
    reason: Missing output files: output/qc/thresholded/2022_05_10_QC_07.h5; Input files updated by another job: output/qc/parsed/2022_05_10_QC_07.h5
    wildcards: sample_type=qc, id=2022_05_10_QC_07
    resources: tmpdir=/tmp

[Tue Mar 19 17:19:47 2024]
Finished job 24.
12 of 57 steps (21%) done
Select jobs to execute...

[Tue Mar 19 17:19:47 2024]
rule factorize_qc:
    input: output/qc/parsed/2022_05_10_QC_06.h5
    output: output/qc/factors/2022_05_10_QC_06.npy
    jobid: 19
    reason: Missing output files: output/qc/factors/2022_05_10_QC_06.npy; Input files updated by another job: output/qc/parsed/2022_05_10_QC_06.h5
    wildcards: sample_type=qc, id=2022_05_10_QC_06
    resources: tmpdir=/tmp

[Tue Mar 19 17:21:37 2024]
Finished job 27.
13 of 57 steps (23%) done
Select jobs to execute...

[Tue Mar 19 17:21:37 2024]
rule smooth_qc:
    input: output/qc/factors/2022_05_10_QC_07.npy, output/qc/thresholded/2022_05_10_QC_07.h5
    output: output/qc/smoothed/2022_05_10_QC_07.h5
    jobid: 26
    reason: Missing output files: output/qc/smoothed/2022_05_10_QC_07.h5; Input files updated by another job: output/qc/thresholded/2022_05_10_QC_07.h5, output/qc/factors/2022_05_10_QC_07.npy
    wildcards: sample_type=qc, id=2022_05_10_QC_07
    resources: tmpdir=/tmp

[Tue Mar 19 17:21:42 2024]
Finished job 19.
14 of 57 steps (25%) done
Select jobs to execute...

[Tue Mar 19 17:21:42 2024]
rule smooth_qc:
    input: output/qc/factors/2022_05_10_QC_06.npy, output/qc/thresholded/2022_05_10_QC_06.h5
    output: output/qc/smoothed/2022_05_10_QC_06.h5
    jobid: 21
    reason: Missing output files: output/qc/smoothed/2022_05_10_QC_06.h5; Input files updated by another job: output/qc/thresholded/2022_05_10_QC_06.h5, output/qc/factors/2022_05_10_QC_06.npy
    wildcards: sample_type=qc, id=2022_05_10_QC_06
    resources: tmpdir=/tmp

[Tue Mar 19 17:23:40 2024]
Finished job 26.
15 of 57 steps (26%) done
Select jobs to execute...

[Tue Mar 19 17:23:40 2024]
rule peakpick_qc:
    input: output/qc/factors/2022_05_10_QC_07.npy, output/qc/smoothed/2022_05_10_QC_07.h5
    output: output/qc/peakpicked/2022_05_10_QC_07.h5
    jobid: 23
    reason: Missing output files: output/qc/peakpicked/2022_05_10_QC_07.h5; Input files updated by another job: output/qc/smoothed/2022_05_10_QC_07.h5, output/qc/factors/2022_05_10_QC_07.npy
    wildcards: sample_type=qc, id=2022_05_10_QC_07
    resources: tmpdir=/tmp

[Tue Mar 19 17:24:14 2024]
Finished job 21.
16 of 57 steps (28%) done
Select jobs to execute...

[Tue Mar 19 17:24:14 2024]
rule peakpick_qc:
    input: output/qc/factors/2022_05_10_QC_06.npy, output/qc/smoothed/2022_05_10_QC_06.h5
    output: output/qc/peakpicked/2022_05_10_QC_06.h5
    jobid: 18
    reason: Missing output files: output/qc/peakpicked/2022_05_10_QC_06.h5; Input files updated by another job: output/qc/smoothed/2022_05_10_QC_06.h5, output/qc/factors/2022_05_10_QC_06.npy
    wildcards: sample_type=qc, id=2022_05_10_QC_06
    resources: tmpdir=/tmp

[Tue Mar 19 17:24:55 2024]
Finished job 23.
17 of 57 steps (30%) done
Select jobs to execute...

[Tue Mar 19 17:24:55 2024]
rule threshold_qc:
    input: output/qc/parsed/2022_05_10_QC_05.h5
    output: output/qc/thresholded/2022_05_10_QC_05.h5
    jobid: 17
    reason: Missing output files: output/qc/thresholded/2022_05_10_QC_05.h5; Input files updated by another job: output/qc/parsed/2022_05_10_QC_05.h5
    wildcards: sample_type=qc, id=2022_05_10_QC_05
    resources: tmpdir=/tmp

[Tue Mar 19 17:25:49 2024]
Finished job 18.
18 of 57 steps (32%) done
Select jobs to execute...

[Tue Mar 19 17:25:49 2024]
rule threshold_qc:
    input: output/qc/parsed/2022_05_10_QC_04.h5
    output: output/qc/thresholded/2022_05_10_QC_04.h5
    jobid: 12
    reason: Missing output files: output/qc/thresholded/2022_05_10_QC_04.h5; Input files updated by another job: output/qc/parsed/2022_05_10_QC_04.h5
    wildcards: sample_type=qc, id=2022_05_10_QC_04
    resources: tmpdir=/tmp

[Tue Mar 19 17:26:53 2024]
Finished job 17.
19 of 57 steps (33%) done
Select jobs to execute...

[Tue Mar 19 17:26:53 2024]
rule smooth_qc:
    input: output/qc/factors/2022_05_10_QC_05.npy, output/qc/thresholded/2022_05_10_QC_05.h5
    output: output/qc/smoothed/2022_05_10_QC_05.h5
    jobid: 16
    reason: Missing output files: output/qc/smoothed/2022_05_10_QC_05.h5; Input files updated by another job: output/qc/thresholded/2022_05_10_QC_05.h5, output/qc/factors/2022_05_10_QC_05.npy
    wildcards: sample_type=qc, id=2022_05_10_QC_05
    resources: tmpdir=/tmp

[Tue Mar 19 17:29:39 2024]
Finished job 12.
20 of 57 steps (35%) done
Select jobs to execute...

[Tue Mar 19 17:29:39 2024]
rule smooth_qc:
    input: output/qc/factors/2022_05_10_QC_04.npy, output/qc/thresholded/2022_05_10_QC_04.h5
    output: output/qc/smoothed/2022_05_10_QC_04.h5
    jobid: 11
    reason: Missing output files: output/qc/smoothed/2022_05_10_QC_04.h5; Input files updated by another job: output/qc/factors/2022_05_10_QC_04.npy, output/qc/thresholded/2022_05_10_QC_04.h5
    wildcards: sample_type=qc, id=2022_05_10_QC_04
    resources: tmpdir=/tmp

[Tue Mar 19 17:30:40 2024]
Finished job 16.
21 of 57 steps (37%) done
Select jobs to execute...

[Tue Mar 19 17:30:40 2024]
rule peakpick_qc:
    input: output/qc/factors/2022_05_10_QC_05.npy, output/qc/smoothed/2022_05_10_QC_05.h5
    output: output/qc/peakpicked/2022_05_10_QC_05.h5
    jobid: 13
    reason: Missing output files: output/qc/peakpicked/2022_05_10_QC_05.h5; Input files updated by another job: output/qc/smoothed/2022_05_10_QC_05.h5, output/qc/factors/2022_05_10_QC_05.npy
    wildcards: sample_type=qc, id=2022_05_10_QC_05
    resources: tmpdir=/tmp

[Tue Mar 19 17:33:04 2024]
Finished job 11.
22 of 57 steps (39%) done
Select jobs to execute...

[Tue Mar 19 17:33:04 2024]
rule peakpick_qc:
    input: output/qc/factors/2022_05_10_QC_04.npy, output/qc/smoothed/2022_05_10_QC_04.h5
    output: output/qc/peakpicked/2022_05_10_QC_04.h5
    jobid: 8
    reason: Missing output files: output/qc/peakpicked/2022_05_10_QC_04.h5; Input files updated by another job: output/qc/factors/2022_05_10_QC_04.npy, output/qc/smoothed/2022_05_10_QC_04.h5
    wildcards: sample_type=qc, id=2022_05_10_QC_04
    resources: tmpdir=/tmp

[Tue Mar 19 17:33:05 2024]
Finished job 13.
23 of 57 steps (40%) done
[Tue Mar 19 17:35:59 2024]
Finished job 8.
24 of 57 steps (42%) done
Select jobs to execute...

[Tue Mar 19 17:35:59 2024]
rule align_qc_qc:
    input: output/qc/peakpicked/2022_05_10_QC_04.h5, output/qc/peakpicked/2022_05_10_QC_04.h5, output/qc/peakpicked/2022_05_10_QC_05.h5, output/qc/peakpicked/2022_05_10_QC_06.h5, output/qc/peakpicked/2022_05_10_QC_07.h5
    output: output/qc/qc_transform/2022_05_10_QC_04.npy, output/qc/qc_transform/plots/2022_05_10_QC_04.png
    jobid: 7
    reason: Missing output files: output/qc/qc_transform/2022_05_10_QC_04.npy; Input files updated by another job: output/qc/peakpicked/2022_05_10_QC_04.h5, output/qc/peakpicked/2022_05_10_QC_06.h5, output/qc/peakpicked/2022_05_10_QC_05.h5, output/qc/peakpicked/2022_05_10_QC_07.h5
    wildcards: sample_type=qc, id=2022_05_10_QC_04
    resources: tmpdir=/tmp

[Tue Mar 19 17:35:59 2024]
rule align_qc_qc:
    input: output/qc/peakpicked/2022_05_10_QC_05.h5, output/qc/peakpicked/2022_05_10_QC_04.h5, output/qc/peakpicked/2022_05_10_QC_05.h5, output/qc/peakpicked/2022_05_10_QC_06.h5, output/qc/peakpicked/2022_05_10_QC_07.h5
    output: output/qc/qc_transform/2022_05_10_QC_05.npy, output/qc/qc_transform/plots/2022_05_10_QC_05.png
    jobid: 28
    reason: Missing output files: output/qc/qc_transform/2022_05_10_QC_05.npy; Input files updated by another job: output/qc/peakpicked/2022_05_10_QC_04.h5, output/qc/peakpicked/2022_05_10_QC_06.h5, output/qc/peakpicked/2022_05_10_QC_05.h5, output/qc/peakpicked/2022_05_10_QC_07.h5
    wildcards: sample_type=qc, id=2022_05_10_QC_05
    resources: tmpdir=/tmp

[Tue Mar 19 17:39:42 2024]
Finished job 28.
25 of 57 steps (44%) done
Select jobs to execute...

[Tue Mar 19 17:39:42 2024]
rule align_qc_qc:
    input: output/qc/peakpicked/2022_05_10_QC_06.h5, output/qc/peakpicked/2022_05_10_QC_04.h5, output/qc/peakpicked/2022_05_10_QC_05.h5, output/qc/peakpicked/2022_05_10_QC_06.h5, output/qc/peakpicked/2022_05_10_QC_07.h5
    output: output/qc/qc_transform/2022_05_10_QC_06.npy, output/qc/qc_transform/plots/2022_05_10_QC_06.png
    jobid: 29
    reason: Missing output files: output/qc/qc_transform/2022_05_10_QC_06.npy; Input files updated by another job: output/qc/peakpicked/2022_05_10_QC_04.h5, output/qc/peakpicked/2022_05_10_QC_06.h5, output/qc/peakpicked/2022_05_10_QC_05.h5, output/qc/peakpicked/2022_05_10_QC_07.h5
    wildcards: sample_type=qc, id=2022_05_10_QC_06
    resources: tmpdir=/tmp

[Tue Mar 19 17:39:43 2024]
Finished job 7.
26 of 57 steps (46%) done
Select jobs to execute...

[Tue Mar 19 17:39:43 2024]
rule align_qc_qc:
    input: output/qc/peakpicked/2022_05_10_QC_07.h5, output/qc/peakpicked/2022_05_10_QC_04.h5, output/qc/peakpicked/2022_05_10_QC_05.h5, output/qc/peakpicked/2022_05_10_QC_06.h5, output/qc/peakpicked/2022_05_10_QC_07.h5
    output: output/qc/qc_transform/2022_05_10_QC_07.npy, output/qc/qc_transform/plots/2022_05_10_QC_07.png
    jobid: 30
    reason: Missing output files: output/qc/qc_transform/2022_05_10_QC_07.npy; Input files updated by another job: output/qc/peakpicked/2022_05_10_QC_04.h5, output/qc/peakpicked/2022_05_10_QC_06.h5, output/qc/peakpicked/2022_05_10_QC_05.h5, output/qc/peakpicked/2022_05_10_QC_07.h5
    wildcards: sample_type=qc, id=2022_05_10_QC_07
    resources: tmpdir=/tmp

[Tue Mar 19 17:41:16 2024]
Finished job 30.
27 of 57 steps (47%) done
[Tue Mar 19 17:42:52 2024]
Finished job 29.
28 of 57 steps (49%) done
Select jobs to execute...

[Tue Mar 19 17:42:52 2024]
rule align_qc_sample:
    input: output/samples/parsed/2022_05_10_NR51588_02.h5, output/qc/qc_transform/2022_05_10_QC_04.npy, output/qc/qc_transform/2022_05_10_QC_05.npy, output/qc/qc_transform/2022_05_10_QC_06.npy, output/qc/qc_transform/2022_05_10_QC_07.npy
    output: output/samples/qc_aligned/2022_05_10_NR51588_02.h5
    jobid: 53
    reason: Missing output files: output/samples/qc_aligned/2022_05_10_NR51588_02.h5; Input files updated by another job: output/qc/qc_transform/2022_05_10_QC_07.npy, output/qc/qc_transform/2022_05_10_QC_04.npy, output/qc/qc_transform/2022_05_10_QC_06.npy, output/qc/qc_transform/2022_05_10_QC_05.npy, output/samples/parsed/2022_05_10_NR51588_02.h5
    wildcards: sample_type=samples, id=2022_05_10_NR51588_02
    resources: tmpdir=/tmp

[Tue Mar 19 17:42:52 2024]
rule align_qc_sample:
    input: output/samples/parsed/2022_05_10_NR46543_02.h5, output/qc/qc_transform/2022_05_10_QC_04.npy, output/qc/qc_transform/2022_05_10_QC_05.npy, output/qc/qc_transform/2022_05_10_QC_06.npy, output/qc/qc_transform/2022_05_10_QC_07.npy
    output: output/samples/qc_aligned/2022_05_10_NR46543_02.h5
    jobid: 5
    reason: Missing output files: output/samples/qc_aligned/2022_05_10_NR46543_02.h5; Input files updated by another job: output/samples/parsed/2022_05_10_NR46543_02.h5, output/qc/qc_transform/2022_05_10_QC_07.npy, output/qc/qc_transform/2022_05_10_QC_04.npy, output/qc/qc_transform/2022_05_10_QC_06.npy, output/qc/qc_transform/2022_05_10_QC_05.npy
    wildcards: sample_type=samples, id=2022_05_10_NR46543_02
    resources: tmpdir=/tmp

[Tue Mar 19 17:50:48 2024]
Finished job 5.
29 of 57 steps (51%) done
Select jobs to execute...

[Tue Mar 19 17:50:48 2024]
rule align_qc_sample:
    input: output/samples/parsed/2022_05_10_NR50510_02.h5, output/qc/qc_transform/2022_05_10_QC_04.npy, output/qc/qc_transform/2022_05_10_QC_05.npy, output/qc/qc_transform/2022_05_10_QC_06.npy, output/qc/qc_transform/2022_05_10_QC_07.npy
    output: output/samples/qc_aligned/2022_05_10_NR50510_02.h5
    jobid: 37
    reason: Missing output files: output/samples/qc_aligned/2022_05_10_NR50510_02.h5; Input files updated by another job: output/qc/qc_transform/2022_05_10_QC_07.npy, output/qc/qc_transform/2022_05_10_QC_04.npy, output/qc/qc_transform/2022_05_10_QC_06.npy, output/qc/qc_transform/2022_05_10_QC_05.npy, output/samples/parsed/2022_05_10_NR50510_02.h5
    wildcards: sample_type=samples, id=2022_05_10_NR50510_02
    resources: tmpdir=/tmp

[Tue Mar 19 17:50:49 2024]
Finished job 53.
30 of 57 steps (53%) done
Select jobs to execute...

[Tue Mar 19 17:50:49 2024]
rule factorize_sample:
    input: output/samples/qc_aligned/2022_05_10_NR51588_02.h5
    output: output/samples/factors/2022_05_10_NR51588_02.npy
    jobid: 52
    reason: Missing output files: output/samples/factors/2022_05_10_NR51588_02.npy; Input files updated by another job: output/samples/qc_aligned/2022_05_10_NR51588_02.h5
    wildcards: sample_type=samples, id=2022_05_10_NR51588_02
    resources: tmpdir=/tmp

[Tue Mar 19 17:55:27 2024]
Finished job 52.
31 of 57 steps (54%) done
Select jobs to execute...

[Tue Mar 19 17:55:27 2024]
rule threshold_sample:
    input: output/samples/qc_aligned/2022_05_10_NR51588_02.h5
    output: output/samples/thresholded/2022_05_10_NR51588_02.h5
    jobid: 56
    reason: Missing output files: output/samples/thresholded/2022_05_10_NR51588_02.h5; Input files updated by another job: output/samples/qc_aligned/2022_05_10_NR51588_02.h5
    wildcards: sample_type=samples, id=2022_05_10_NR51588_02
    resources: tmpdir=/tmp

[Tue Mar 19 18:02:30 2024]
Finished job 56.
32 of 57 steps (56%) done
Select jobs to execute...

[Tue Mar 19 18:02:30 2024]
rule threshold_sample:
    input: output/samples/qc_aligned/2022_05_10_NR46543_02.h5
    output: output/samples/thresholded/2022_05_10_NR46543_02.h5
    jobid: 32
    reason: Missing output files: output/samples/thresholded/2022_05_10_NR46543_02.h5; Input files updated by another job: output/samples/qc_aligned/2022_05_10_NR46543_02.h5
    wildcards: sample_type=samples, id=2022_05_10_NR46543_02
    resources: tmpdir=/tmp

[Tue Mar 19 18:04:12 2024]
Finished job 37.
33 of 57 steps (58%) done
Select jobs to execute...

[Tue Mar 19 18:04:12 2024]
rule factorize_sample:
    input: output/samples/qc_aligned/2022_05_10_NR50510_02.h5
    output: output/samples/factors/2022_05_10_NR50510_02.npy
    jobid: 36
    reason: Missing output files: output/samples/factors/2022_05_10_NR50510_02.npy; Input files updated by another job: output/samples/qc_aligned/2022_05_10_NR50510_02.h5
    wildcards: sample_type=samples, id=2022_05_10_NR50510_02
    resources: tmpdir=/tmp

[Tue Mar 19 18:05:15 2024]
Finished job 32.
34 of 57 steps (60%) done
Select jobs to execute...

[Tue Mar 19 18:05:15 2024]
rule smooth_sample:
    input: output/samples/factors/2022_05_10_NR51588_02.npy, output/samples/thresholded/2022_05_10_NR51588_02.h5
    output: output/samples/smoothed/2022_05_10_NR51588_02.h5
    jobid: 55
    reason: Missing output files: output/samples/smoothed/2022_05_10_NR51588_02.h5; Input files updated by another job: output/samples/factors/2022_05_10_NR51588_02.npy, output/samples/thresholded/2022_05_10_NR51588_02.h5
    wildcards: sample_type=samples, id=2022_05_10_NR51588_02
    resources: tmpdir=/tmp

[Tue Mar 19 18:06:05 2024]
Finished job 36.
35 of 57 steps (61%) done
Select jobs to execute...

[Tue Mar 19 18:06:05 2024]
rule factorize_sample:
    input: output/samples/qc_aligned/2022_05_10_NR46543_02.h5
    output: output/samples/factors/2022_05_10_NR46543_02.npy
    jobid: 4
    reason: Missing output files: output/samples/factors/2022_05_10_NR46543_02.npy; Input files updated by another job: output/samples/qc_aligned/2022_05_10_NR46543_02.h5
    wildcards: sample_type=samples, id=2022_05_10_NR46543_02
    resources: tmpdir=/tmp

[Tue Mar 19 18:08:02 2024]
Finished job 55.
36 of 57 steps (63%) done
Select jobs to execute...

[Tue Mar 19 18:08:02 2024]
rule peakpick_sample:
    input: output/samples/factors/2022_05_10_NR51588_02.npy, output/samples/smoothed/2022_05_10_NR51588_02.h5
    output: output/samples/peakpicked/2022_05_10_NR51588_02.h5
    jobid: 51
    reason: Missing output files: output/samples/peakpicked/2022_05_10_NR51588_02.h5; Input files updated by another job: output/samples/smoothed/2022_05_10_NR51588_02.h5, output/samples/factors/2022_05_10_NR51588_02.npy
    wildcards: sample_type=samples, id=2022_05_10_NR51588_02
    resources: tmpdir=/tmp

[Tue Mar 19 18:08:03 2024]
Finished job 4.
37 of 57 steps (65%) done
Select jobs to execute...

[Tue Mar 19 18:08:03 2024]
rule align_qc_sample:
    input: output/samples/parsed/2022_05_10_NR51517_02.h5, output/qc/qc_transform/2022_05_10_QC_04.npy, output/qc/qc_transform/2022_05_10_QC_05.npy, output/qc/qc_transform/2022_05_10_QC_06.npy, output/qc/qc_transform/2022_05_10_QC_07.npy
    output: output/samples/qc_aligned/2022_05_10_NR51517_02.h5
    jobid: 45
    reason: Missing output files: output/samples/qc_aligned/2022_05_10_NR51517_02.h5; Input files updated by another job: output/qc/qc_transform/2022_05_10_QC_07.npy, output/qc/qc_transform/2022_05_10_QC_04.npy, output/qc/qc_transform/2022_05_10_QC_06.npy, output/qc/qc_transform/2022_05_10_QC_05.npy, output/samples/parsed/2022_05_10_NR51517_02.h5
    wildcards: sample_type=samples, id=2022_05_10_NR51517_02
    resources: tmpdir=/tmp

[Tue Mar 19 18:11:01 2024]
Finished job 51.
38 of 57 steps (67%) done
Select jobs to execute...

[Tue Mar 19 18:11:01 2024]
rule downselect_peaks:
    input: output/samples/peakpicked/2022_05_10_NR51588_02.h5
    output: output/samples/downselected/2022_05_10_NR51588_02.h5
    jobid: 50
    reason: Missing output files: output/samples/downselected/2022_05_10_NR51588_02.h5; Input files updated by another job: output/samples/peakpicked/2022_05_10_NR51588_02.h5
    wildcards: sample_type=samples, id=2022_05_10_NR51588_02
    resources: tmpdir=/tmp

[Tue Mar 19 18:12:50 2024]
Finished job 50.
39 of 57 steps (68%) done
Select jobs to execute...

[Tue Mar 19 18:12:50 2024]
rule save_to_csv:
    input: output/samples/downselected/2022_05_10_NR51588_02.h5
    output: output/samples/final_csvs/2022_05_10_NR51588_02.csv
    jobid: 49
    reason: Missing output files: output/samples/final_csvs/2022_05_10_NR51588_02.csv; Input files updated by another job: output/samples/downselected/2022_05_10_NR51588_02.h5
    wildcards: sample_type=samples, id=2022_05_10_NR51588_02
    resources: tmpdir=/tmp

[Tue Mar 19 18:13:35 2024]
Finished job 45.
40 of 57 steps (70%) done
Select jobs to execute...

[Tue Mar 19 18:13:35 2024]
rule factorize_sample:
    input: output/samples/qc_aligned/2022_05_10_NR51517_02.h5
    output: output/samples/factors/2022_05_10_NR51517_02.npy
    jobid: 44
    reason: Missing output files: output/samples/factors/2022_05_10_NR51517_02.npy; Input files updated by another job: output/samples/qc_aligned/2022_05_10_NR51517_02.h5
    wildcards: sample_type=samples, id=2022_05_10_NR51517_02
    resources: tmpdir=/tmp

[Tue Mar 19 18:14:23 2024]
Finished job 49.
41 of 57 steps (72%) done
Select jobs to execute...

[Tue Mar 19 18:14:23 2024]
rule threshold_sample:
    input: output/samples/qc_aligned/2022_05_10_NR51517_02.h5
    output: output/samples/thresholded/2022_05_10_NR51517_02.h5
    jobid: 48
    reason: Missing output files: output/samples/thresholded/2022_05_10_NR51517_02.h5; Input files updated by another job: output/samples/qc_aligned/2022_05_10_NR51517_02.h5
    wildcards: sample_type=samples, id=2022_05_10_NR51517_02
    resources: tmpdir=/tmp

[Tue Mar 19 18:15:20 2024]
Finished job 44.
42 of 57 steps (74%) done
Select jobs to execute...

[Tue Mar 19 18:15:20 2024]
rule smooth_sample:
    input: output/samples/factors/2022_05_10_NR46543_02.npy, output/samples/thresholded/2022_05_10_NR46543_02.h5
    output: output/samples/smoothed/2022_05_10_NR46543_02.h5
    jobid: 31
    reason: Missing output files: output/samples/smoothed/2022_05_10_NR46543_02.h5; Input files updated by another job: output/samples/thresholded/2022_05_10_NR46543_02.h5, output/samples/factors/2022_05_10_NR46543_02.npy
    wildcards: sample_type=samples, id=2022_05_10_NR46543_02
    resources: tmpdir=/tmp

[Tue Mar 19 18:15:56 2024]
Finished job 48.
43 of 57 steps (75%) done
Select jobs to execute...

[Tue Mar 19 18:15:56 2024]
rule threshold_sample:
    input: output/samples/qc_aligned/2022_05_10_NR50510_02.h5
    output: output/samples/thresholded/2022_05_10_NR50510_02.h5
    jobid: 40
    reason: Missing output files: output/samples/thresholded/2022_05_10_NR50510_02.h5; Input files updated by another job: output/samples/qc_aligned/2022_05_10_NR50510_02.h5
    wildcards: sample_type=samples, id=2022_05_10_NR50510_02
    resources: tmpdir=/tmp

[Tue Mar 19 18:16:00 2024]
Finished job 31.
44 of 57 steps (77%) done
Select jobs to execute...

[Tue Mar 19 18:16:00 2024]
rule peakpick_sample:
    input: output/samples/factors/2022_05_10_NR46543_02.npy, output/samples/smoothed/2022_05_10_NR46543_02.h5
    output: output/samples/peakpicked/2022_05_10_NR46543_02.h5
    jobid: 3
    reason: Missing output files: output/samples/peakpicked/2022_05_10_NR46543_02.h5; Input files updated by another job: output/samples/smoothed/2022_05_10_NR46543_02.h5, output/samples/factors/2022_05_10_NR46543_02.npy
    wildcards: sample_type=samples, id=2022_05_10_NR46543_02
    resources: tmpdir=/tmp

[Tue Mar 19 18:16:46 2024]
Finished job 40.
45 of 57 steps (79%) done
Select jobs to execute...

[Tue Mar 19 18:16:46 2024]
rule smooth_sample:
    input: output/samples/factors/2022_05_10_NR50510_02.npy, output/samples/thresholded/2022_05_10_NR50510_02.h5
    output: output/samples/smoothed/2022_05_10_NR50510_02.h5
    jobid: 39
    reason: Missing output files: output/samples/smoothed/2022_05_10_NR50510_02.h5; Input files updated by another job: output/samples/thresholded/2022_05_10_NR50510_02.h5, output/samples/factors/2022_05_10_NR50510_02.npy
    wildcards: sample_type=samples, id=2022_05_10_NR50510_02
    resources: tmpdir=/tmp

[Tue Mar 19 18:16:46 2024]
Finished job 3.
46 of 57 steps (81%) done
Select jobs to execute...

[Tue Mar 19 18:16:46 2024]
rule smooth_sample:
    input: output/samples/factors/2022_05_10_NR51517_02.npy, output/samples/thresholded/2022_05_10_NR51517_02.h5
    output: output/samples/smoothed/2022_05_10_NR51517_02.h5
    jobid: 47
    reason: Missing output files: output/samples/smoothed/2022_05_10_NR51517_02.h5; Input files updated by another job: output/samples/thresholded/2022_05_10_NR51517_02.h5, output/samples/factors/2022_05_10_NR51517_02.npy
    wildcards: sample_type=samples, id=2022_05_10_NR51517_02
    resources: tmpdir=/tmp

[Tue Mar 19 18:18:09 2024]
Finished job 39.
47 of 57 steps (82%) done
Select jobs to execute...

[Tue Mar 19 18:18:09 2024]
rule peakpick_sample:
    input: output/samples/factors/2022_05_10_NR50510_02.npy, output/samples/smoothed/2022_05_10_NR50510_02.h5
    output: output/samples/peakpicked/2022_05_10_NR50510_02.h5
    jobid: 35
    reason: Missing output files: output/samples/peakpicked/2022_05_10_NR50510_02.h5; Input files updated by another job: output/samples/factors/2022_05_10_NR50510_02.npy, output/samples/smoothed/2022_05_10_NR50510_02.h5
    wildcards: sample_type=samples, id=2022_05_10_NR50510_02
    resources: tmpdir=/tmp

[Tue Mar 19 18:19:08 2024]
Finished job 47.
48 of 57 steps (84%) done
Select jobs to execute...

[Tue Mar 19 18:19:08 2024]
rule downselect_peaks:
    input: output/samples/peakpicked/2022_05_10_NR46543_02.h5
    output: output/samples/downselected/2022_05_10_NR46543_02.h5
    jobid: 2
    reason: Missing output files: output/samples/downselected/2022_05_10_NR46543_02.h5; Input files updated by another job: output/samples/peakpicked/2022_05_10_NR46543_02.h5
    wildcards: sample_type=samples, id=2022_05_10_NR46543_02
    resources: tmpdir=/tmp

[Tue Mar 19 18:20:07 2024]
Finished job 35.
49 of 57 steps (86%) done
Select jobs to execute...

[Tue Mar 19 18:20:08 2024]
rule downselect_peaks:
    input: output/samples/peakpicked/2022_05_10_NR50510_02.h5
    output: output/samples/downselected/2022_05_10_NR50510_02.h5
    jobid: 34
    reason: Missing output files: output/samples/downselected/2022_05_10_NR50510_02.h5; Input files updated by another job: output/samples/peakpicked/2022_05_10_NR50510_02.h5
    wildcards: sample_type=samples, id=2022_05_10_NR50510_02
    resources: tmpdir=/tmp

[Tue Mar 19 18:20:38 2024]
Finished job 2.
50 of 57 steps (88%) done
Select jobs to execute...

[Tue Mar 19 18:20:38 2024]
rule peakpick_sample:
    input: output/samples/factors/2022_05_10_NR51517_02.npy, output/samples/smoothed/2022_05_10_NR51517_02.h5
    output: output/samples/peakpicked/2022_05_10_NR51517_02.h5
    jobid: 43
    reason: Missing output files: output/samples/peakpicked/2022_05_10_NR51517_02.h5; Input files updated by another job: output/samples/smoothed/2022_05_10_NR51517_02.h5, output/samples/factors/2022_05_10_NR51517_02.npy
    wildcards: sample_type=samples, id=2022_05_10_NR51517_02
    resources: tmpdir=/tmp

[Tue Mar 19 18:21:22 2024]
Finished job 34.
51 of 57 steps (89%) done
Select jobs to execute...

[Tue Mar 19 18:21:22 2024]
rule save_to_csv:
    input: output/samples/downselected/2022_05_10_NR50510_02.h5
    output: output/samples/final_csvs/2022_05_10_NR50510_02.csv
    jobid: 33
    reason: Missing output files: output/samples/final_csvs/2022_05_10_NR50510_02.csv; Input files updated by another job: output/samples/downselected/2022_05_10_NR50510_02.h5
    wildcards: sample_type=samples, id=2022_05_10_NR50510_02
    resources: tmpdir=/tmp

[Tue Mar 19 18:21:58 2024]
Finished job 33.
52 of 57 steps (91%) done
Select jobs to execute...

[Tue Mar 19 18:21:58 2024]
rule save_to_csv:
    input: output/samples/downselected/2022_05_10_NR46543_02.h5
    output: output/samples/final_csvs/2022_05_10_NR46543_02.csv
    jobid: 1
    reason: Missing output files: output/samples/final_csvs/2022_05_10_NR46543_02.csv; Input files updated by another job: output/samples/downselected/2022_05_10_NR46543_02.h5
    wildcards: sample_type=samples, id=2022_05_10_NR46543_02
    resources: tmpdir=/tmp

[Tue Mar 19 18:21:59 2024]
Finished job 43.
53 of 57 steps (93%) done
Select jobs to execute...

[Tue Mar 19 18:21:59 2024]
rule downselect_peaks:
    input: output/samples/peakpicked/2022_05_10_NR51517_02.h5
    output: output/samples/downselected/2022_05_10_NR51517_02.h5
    jobid: 42
    reason: Missing output files: output/samples/downselected/2022_05_10_NR51517_02.h5; Input files updated by another job: output/samples/peakpicked/2022_05_10_NR51517_02.h5
    wildcards: sample_type=samples, id=2022_05_10_NR51517_02
    resources: tmpdir=/tmp

[Tue Mar 19 18:22:52 2024]
Finished job 1.
54 of 57 steps (95%) done
[Tue Mar 19 18:22:56 2024]
Finished job 42.
55 of 57 steps (96%) done
Select jobs to execute...

[Tue Mar 19 18:22:56 2024]
rule save_to_csv:
    input: output/samples/downselected/2022_05_10_NR51517_02.h5
    output: output/samples/final_csvs/2022_05_10_NR51517_02.csv
    jobid: 41
    reason: Missing output files: output/samples/final_csvs/2022_05_10_NR51517_02.csv; Input files updated by another job: output/samples/downselected/2022_05_10_NR51517_02.h5
    wildcards: sample_type=samples, id=2022_05_10_NR51517_02
    resources: tmpdir=/tmp

[Tue Mar 19 18:23:51 2024]
Finished job 41.
56 of 57 steps (98%) done
Select jobs to execute...

[Tue Mar 19 18:23:51 2024]
localrule all:
    input: output/samples/final_csvs/2022_05_10_NR46543_02.csv, output/samples/final_csvs/2022_05_10_NR50510_02.csv, output/samples/final_csvs/2022_05_10_NR51517_02.csv, output/samples/final_csvs/2022_05_10_NR51588_02.csv
    jobid: 0
    reason: Input files updated by another job: output/samples/final_csvs/2022_05_10_NR50510_02.csv, output/samples/final_csvs/2022_05_10_NR46543_02.csv, output/samples/final_csvs/2022_05_10_NR51517_02.csv, output/samples/final_csvs/2022_05_10_NR51588_02.csv
    resources: tmpdir=/tmp

[Tue Mar 19 18:23:51 2024]
Finished job 0.
57 of 57 steps (100%) done
Complete log: .snakemake/log/2024-03-19T165152.280365.snakemake.log
